<?xml version="1.0" encoding="UTF-8"?>
<testng-results ignored="0" total="1" passed="1" failed="0" skipped="0">
  <reporter-output>
  </reporter-output>
  <suite started-at="2026-03-12T14:35:48 IST" name="Default suite" finished-at="2026-03-12T14:36:10 IST" duration-ms="21621">
    <groups>
    </groups>
    <test started-at="2026-03-12T14:35:48 IST" name="Default test" finished-at="2026-03-12T14:36:10 IST" duration-ms="21621">
      <class name="com.demo.learning_continue.AppTest">
        <test-method signature="loginTest()[pri:0, instance:com.demo.learning_continue.AppTest@6aeb35e6]" started-at="2026-03-12T14:35:48 IST" name="loginTest" finished-at="2026-03-12T14:36:10 IST" duration-ms="21557" status="PASS">
          <reporter-output>
          </reporter-output>
        </test-method> <!-- loginTest -->
      </class> <!-- com.demo.learning_continue.AppTest -->
    </test> <!-- Default test -->
  </suite> <!-- Default suite -->
</testng-results>
